<?xml version="1.0" encoding="UTF-8"?>
<!-- Generated by org.testng.reporters.JUnitXMLReporter -->
<testsuite hostname="DESKTOP-1U5QN2R" ignored="2" name="Test" tests="2" failures="0" timestamp="05 Dec 2021 14:43:41 GMT" time="0.098" errors="0">
  <testcase name="test1" time="0.018" classname="org.test.TestNg"/>
  <testcase name="test2" time="0.006" classname="org.test.TestNg"/>
  <testcase name="test4" time="0.0" classname="org.test.TestNg">
    <ignored/>
  </testcase> <!-- test4 -->
  <testcase name="test3" time="0.0" classname="org.test.TestNg">
    <ignored/>
  </testcase> <!-- test3 -->
</testsuite> <!-- Test -->
