<?xml version="1.0" encoding="UTF-8"?>
<testng-results skipped="0" failed="0" ignored="2" total="4" passed="2">
  <reporter-output>
  </reporter-output>
  <suite name="Suite" duration-ms="98" started-at="2021-12-05T14:43:41Z" finished-at="2021-12-05T14:43:41Z">
    <groups>
      <group name="reg">
        <method signature="TestNg.test2()[pri:0, instance:org.test.TestNg@5622fdf]" name="test2" class="org.test.TestNg"/>
      </group> <!-- reg -->
      <group name="smoke">
        <method signature="TestNg.test1()[pri:0, instance:org.test.TestNg@5622fdf]" name="test1" class="org.test.TestNg"/>
      </group> <!-- smoke -->
    </groups>
    <test name="Test" duration-ms="98" started-at="2021-12-05T14:43:41Z" finished-at="2021-12-05T14:43:41Z">
      <class name="org.test.TestNg">
        <test-method status="PASS" signature="test1()[pri:0, instance:org.test.TestNg@5622fdf]" name="test1" duration-ms="18" started-at="2021-12-05T14:43:41Z" finished-at="2021-12-05T14:43:41Z">
          <reporter-output>
          </reporter-output>
        </test-method> <!-- test1 -->
        <test-method status="PASS" signature="test2()[pri:0, instance:org.test.TestNg@5622fdf]" name="test2" duration-ms="6" started-at="2021-12-05T14:43:41Z" finished-at="2021-12-05T14:43:41Z">
          <reporter-output>
          </reporter-output>
        </test-method> <!-- test2 -->
      </class> <!-- org.test.TestNg -->
    </test> <!-- Test -->
  </suite> <!-- Suite -->
</testng-results>
